#! /usr/bin/vvp
:ivl_version "10.3 (stable)";
:ivl_delay_selection "TYPICAL";
:vpi_time_precision + 0;
:vpi_module "system";
:vpi_module "vhdl_sys";
:vpi_module "v2005_math";
:vpi_module "va_math";
S_0x55ccba9b24c0 .scope module, "and_test" "and_test" 2 1;
 .timescale 0 0;
v0x55ccbaa17500_0 .var "a", 64 1;
v0x55ccbaa175c0_0 .var "b", 64 1;
v0x55ccbaa17690_0 .net "res", 64 1, L_0x55ccbaa2afe0;  1 drivers
S_0x55ccba9b2640 .scope module, "dut" "and_64bit" 2 8, 3 1 0, S_0x55ccba9b24c0;
 .timescale 0 0;
    .port_info 0 /INPUT 64 "a"
    .port_info 1 /INPUT 64 "b"
    .port_info 2 /OUTPUT 64 "res"
v0x55ccbaa13370_0 .net *"_s0", 0 0, L_0x55ccbaa17790;  1 drivers
v0x55ccbaa13470_0 .net *"_s100", 0 0, L_0x55ccbaa1cc90;  1 drivers
v0x55ccbaa13550_0 .net *"_s104", 0 0, L_0x55ccbaa1d0c0;  1 drivers
v0x55ccbaa13610_0 .net *"_s108", 0 0, L_0x55ccbaa1d500;  1 drivers
v0x55ccbaa136f0_0 .net *"_s112", 0 0, L_0x55ccbaa1d950;  1 drivers
v0x55ccbaa13820_0 .net *"_s116", 0 0, L_0x55ccbaa1ddb0;  1 drivers
v0x55ccbaa13900_0 .net *"_s12", 0 0, L_0x55ccbaa18010;  1 drivers
v0x55ccbaa139e0_0 .net *"_s120", 0 0, L_0x55ccbaa1e220;  1 drivers
v0x55ccbaa13ac0_0 .net *"_s124", 0 0, L_0x55ccbaa1eec0;  1 drivers
v0x55ccbaa13ba0_0 .net *"_s128", 0 0, L_0x55ccbaa1f350;  1 drivers
v0x55ccbaa13c80_0 .net *"_s132", 0 0, L_0x55ccbaa1f7f0;  1 drivers
v0x55ccbaa13d60_0 .net *"_s136", 0 0, L_0x55ccbaa1fca0;  1 drivers
v0x55ccbaa13e40_0 .net *"_s140", 0 0, L_0x55ccbaa20160;  1 drivers
v0x55ccbaa13f20_0 .net *"_s144", 0 0, L_0x55ccbaa20630;  1 drivers
v0x55ccbaa14000_0 .net *"_s148", 0 0, L_0x55ccbaa20b10;  1 drivers
v0x55ccbaa140e0_0 .net *"_s152", 0 0, L_0x55ccbaa21000;  1 drivers
v0x55ccbaa141c0_0 .net *"_s156", 0 0, L_0x55ccbaa21500;  1 drivers
v0x55ccbaa142a0_0 .net *"_s16", 0 0, L_0x55ccbaa18260;  1 drivers
v0x55ccbaa14380_0 .net *"_s160", 0 0, L_0x55ccbaa21a10;  1 drivers
v0x55ccbaa14460_0 .net *"_s164", 0 0, L_0x55ccbaa21f30;  1 drivers
v0x55ccbaa14540_0 .net *"_s168", 0 0, L_0x55ccbaa22460;  1 drivers
v0x55ccbaa14620_0 .net *"_s172", 0 0, L_0x55ccbaa229a0;  1 drivers
v0x55ccbaa14700_0 .net *"_s176", 0 0, L_0x55ccbaa22ef0;  1 drivers
v0x55ccbaa147e0_0 .net *"_s180", 0 0, L_0x55ccbaa23450;  1 drivers
v0x55ccbaa148c0_0 .net *"_s184", 0 0, L_0x55ccbaa239c0;  1 drivers
v0x55ccbaa149a0_0 .net *"_s188", 0 0, L_0x55ccbaa23f40;  1 drivers
v0x55ccbaa14a80_0 .net *"_s192", 0 0, L_0x55ccbaa244d0;  1 drivers
v0x55ccbaa14b60_0 .net *"_s196", 0 0, L_0x55ccbaa24a70;  1 drivers
v0x55ccbaa14c40_0 .net *"_s20", 0 0, L_0x55ccbaa18540;  1 drivers
v0x55ccbaa14d20_0 .net *"_s200", 0 0, L_0x55ccbaa25020;  1 drivers
v0x55ccbaa14e00_0 .net *"_s204", 0 0, L_0x55ccbaa255e0;  1 drivers
v0x55ccbaa14ee0_0 .net *"_s208", 0 0, L_0x55ccbaa25bb0;  1 drivers
v0x55ccbaa14fc0_0 .net *"_s212", 0 0, L_0x55ccbaa26190;  1 drivers
v0x55ccbaa152b0_0 .net *"_s216", 0 0, L_0x55ccbaa26780;  1 drivers
v0x55ccbaa15390_0 .net *"_s220", 0 0, L_0x55ccbaa26d80;  1 drivers
v0x55ccbaa15470_0 .net *"_s224", 0 0, L_0x55ccbaa27390;  1 drivers
v0x55ccbaa15550_0 .net *"_s228", 0 0, L_0x55ccbaa279b0;  1 drivers
v0x55ccbaa15630_0 .net *"_s232", 0 0, L_0x55ccbaa27fe0;  1 drivers
v0x55ccbaa15710_0 .net *"_s236", 0 0, L_0x55ccbaa28620;  1 drivers
v0x55ccbaa157f0_0 .net *"_s24", 0 0, L_0x55ccbaa187e0;  1 drivers
v0x55ccbaa158d0_0 .net *"_s240", 0 0, L_0x55ccbaa28c70;  1 drivers
v0x55ccbaa159b0_0 .net *"_s244", 0 0, L_0x55ccbaa292d0;  1 drivers
v0x55ccbaa15a90_0 .net *"_s248", 0 0, L_0x55ccbaa29940;  1 drivers
v0x55ccbaa15b70_0 .net *"_s252", 0 0, L_0x55ccbaa2c480;  1 drivers
v0x55ccbaa15c50_0 .net *"_s28", 0 0, L_0x55ccbaa18770;  1 drivers
v0x55ccbaa15d30_0 .net *"_s32", 0 0, L_0x55ccbaa18d80;  1 drivers
v0x55ccbaa15e10_0 .net *"_s36", 0 0, L_0x55ccbaa190a0;  1 drivers
v0x55ccbaa15ef0_0 .net *"_s4", 0 0, L_0x55ccbaa17ac0;  1 drivers
v0x55ccbaa15fd0_0 .net *"_s40", 0 0, L_0x55ccbaa193d0;  1 drivers
v0x55ccbaa160b0_0 .net *"_s44", 0 0, L_0x55ccbaa19670;  1 drivers
v0x55ccbaa16190_0 .net *"_s48", 0 0, L_0x55ccbaa199c0;  1 drivers
v0x55ccbaa16270_0 .net *"_s52", 0 0, L_0x55ccbaa19d20;  1 drivers
v0x55ccbaa16350_0 .net *"_s56", 0 0, L_0x55ccbaa1a090;  1 drivers
v0x55ccbaa16430_0 .net *"_s60", 0 0, L_0x55ccbaa1a620;  1 drivers
v0x55ccbaa16510_0 .net *"_s64", 0 0, L_0x55ccbaa1a9b0;  1 drivers
v0x55ccbaa165f0_0 .net *"_s68", 0 0, L_0x55ccbaa1ad50;  1 drivers
v0x55ccbaa166d0_0 .net *"_s72", 0 0, L_0x55ccbaa1b100;  1 drivers
v0x55ccbaa167b0_0 .net *"_s76", 0 0, L_0x55ccbaa1b4c0;  1 drivers
v0x55ccbaa16890_0 .net *"_s8", 0 0, L_0x55ccbaa17d40;  1 drivers
v0x55ccbaa16970_0 .net *"_s80", 0 0, L_0x55ccbaa1b890;  1 drivers
v0x55ccbaa16a50_0 .net *"_s84", 0 0, L_0x55ccbaa1bc70;  1 drivers
v0x55ccbaa16b30_0 .net *"_s88", 0 0, L_0x55ccbaa1c060;  1 drivers
v0x55ccbaa16c10_0 .net *"_s92", 0 0, L_0x55ccbaa1c460;  1 drivers
v0x55ccbaa16cf0_0 .net *"_s96", 0 0, L_0x55ccbaa1c870;  1 drivers
v0x55ccbaa16dd0_0 .net "a", 64 1, v0x55ccbaa17500_0;  1 drivers
v0x55ccbaa172c0_0 .net "b", 64 1, v0x55ccbaa175c0_0;  1 drivers
v0x55ccbaa173a0_0 .net "res", 64 1, L_0x55ccbaa2afe0;  alias, 1 drivers
L_0x55ccbaa17890 .part v0x55ccbaa17500_0, 0, 1;
L_0x55ccbaa17980 .part v0x55ccbaa175c0_0, 0, 1;
L_0x55ccbaa17b30 .part v0x55ccbaa17500_0, 1, 1;
L_0x55ccbaa17c20 .part v0x55ccbaa175c0_0, 1, 1;
L_0x55ccbaa17db0 .part v0x55ccbaa17500_0, 2, 1;
L_0x55ccbaa17ea0 .part v0x55ccbaa175c0_0, 2, 1;
L_0x55ccbaa18080 .part v0x55ccbaa17500_0, 3, 1;
L_0x55ccbaa18120 .part v0x55ccbaa175c0_0, 3, 1;
L_0x55ccbaa18300 .part v0x55ccbaa17500_0, 4, 1;
L_0x55ccbaa183f0 .part v0x55ccbaa175c0_0, 4, 1;
L_0x55ccbaa185e0 .part v0x55ccbaa17500_0, 5, 1;
L_0x55ccbaa18680 .part v0x55ccbaa175c0_0, 5, 1;
L_0x55ccbaa18880 .part v0x55ccbaa17500_0, 6, 1;
L_0x55ccbaa18970 .part v0x55ccbaa175c0_0, 6, 1;
L_0x55ccbaa18b10 .part v0x55ccbaa17500_0, 7, 1;
L_0x55ccbaa18c00 .part v0x55ccbaa175c0_0, 7, 1;
L_0x55ccbaa18e20 .part v0x55ccbaa17500_0, 8, 1;
L_0x55ccbaa18f10 .part v0x55ccbaa175c0_0, 8, 1;
L_0x55ccbaa19140 .part v0x55ccbaa17500_0, 9, 1;
L_0x55ccbaa19230 .part v0x55ccbaa175c0_0, 9, 1;
L_0x55ccbaa19000 .part v0x55ccbaa17500_0, 10, 1;
L_0x55ccbaa194c0 .part v0x55ccbaa175c0_0, 10, 1;
L_0x55ccbaa19710 .part v0x55ccbaa17500_0, 11, 1;
L_0x55ccbaa19800 .part v0x55ccbaa175c0_0, 11, 1;
L_0x55ccbaa19a60 .part v0x55ccbaa17500_0, 12, 1;
L_0x55ccbaa19b50 .part v0x55ccbaa175c0_0, 12, 1;
L_0x55ccbaa19dc0 .part v0x55ccbaa17500_0, 13, 1;
L_0x55ccbaa19eb0 .part v0x55ccbaa175c0_0, 13, 1;
L_0x55ccbaa1a130 .part v0x55ccbaa17500_0, 14, 1;
L_0x55ccbaa1a220 .part v0x55ccbaa175c0_0, 14, 1;
L_0x55ccbaa1a6c0 .part v0x55ccbaa17500_0, 15, 1;
L_0x55ccbaa1a7b0 .part v0x55ccbaa175c0_0, 15, 1;
L_0x55ccbaa1aa50 .part v0x55ccbaa17500_0, 16, 1;
L_0x55ccbaa1ab40 .part v0x55ccbaa175c0_0, 16, 1;
L_0x55ccbaa1adf0 .part v0x55ccbaa17500_0, 17, 1;
L_0x55ccbaa1aee0 .part v0x55ccbaa175c0_0, 17, 1;
L_0x55ccbaa1b1a0 .part v0x55ccbaa17500_0, 18, 1;
L_0x55ccbaa1b290 .part v0x55ccbaa175c0_0, 18, 1;
L_0x55ccbaa1b560 .part v0x55ccbaa17500_0, 19, 1;
L_0x55ccbaa1b650 .part v0x55ccbaa175c0_0, 19, 1;
L_0x55ccbaa1b930 .part v0x55ccbaa17500_0, 20, 1;
L_0x55ccbaa1ba20 .part v0x55ccbaa175c0_0, 20, 1;
L_0x55ccbaa1bd10 .part v0x55ccbaa17500_0, 21, 1;
L_0x55ccbaa1be00 .part v0x55ccbaa175c0_0, 21, 1;
L_0x55ccbaa1c100 .part v0x55ccbaa17500_0, 22, 1;
L_0x55ccbaa1c1f0 .part v0x55ccbaa175c0_0, 22, 1;
L_0x55ccbaa1c500 .part v0x55ccbaa17500_0, 23, 1;
L_0x55ccbaa1c5f0 .part v0x55ccbaa175c0_0, 23, 1;
L_0x55ccbaa1c910 .part v0x55ccbaa17500_0, 24, 1;
L_0x55ccbaa1ca00 .part v0x55ccbaa175c0_0, 24, 1;
L_0x55ccbaa1cd30 .part v0x55ccbaa17500_0, 25, 1;
L_0x55ccbaa1ce20 .part v0x55ccbaa175c0_0, 25, 1;
L_0x55ccbaa1d160 .part v0x55ccbaa17500_0, 26, 1;
L_0x55ccbaa1d250 .part v0x55ccbaa175c0_0, 26, 1;
L_0x55ccbaa1d5a0 .part v0x55ccbaa17500_0, 27, 1;
L_0x55ccbaa1d690 .part v0x55ccbaa175c0_0, 27, 1;
L_0x55ccbaa1d9f0 .part v0x55ccbaa17500_0, 28, 1;
L_0x55ccbaa1dae0 .part v0x55ccbaa175c0_0, 28, 1;
L_0x55ccbaa1de50 .part v0x55ccbaa17500_0, 29, 1;
L_0x55ccbaa1df40 .part v0x55ccbaa175c0_0, 29, 1;
L_0x55ccbaa1e2c0 .part v0x55ccbaa17500_0, 30, 1;
L_0x55ccbaa1e7c0 .part v0x55ccbaa175c0_0, 30, 1;
L_0x55ccbaa1ef60 .part v0x55ccbaa17500_0, 31, 1;
L_0x55ccbaa1f050 .part v0x55ccbaa175c0_0, 31, 1;
L_0x55ccbaa1f3f0 .part v0x55ccbaa17500_0, 32, 1;
L_0x55ccbaa1f4e0 .part v0x55ccbaa175c0_0, 32, 1;
L_0x55ccbaa1f890 .part v0x55ccbaa17500_0, 33, 1;
L_0x55ccbaa1f980 .part v0x55ccbaa175c0_0, 33, 1;
L_0x55ccbaa1fd40 .part v0x55ccbaa17500_0, 34, 1;
L_0x55ccbaa1fe30 .part v0x55ccbaa175c0_0, 34, 1;
L_0x55ccbaa20200 .part v0x55ccbaa17500_0, 35, 1;
L_0x55ccbaa202f0 .part v0x55ccbaa175c0_0, 35, 1;
L_0x55ccbaa206d0 .part v0x55ccbaa17500_0, 36, 1;
L_0x55ccbaa207c0 .part v0x55ccbaa175c0_0, 36, 1;
L_0x55ccbaa20bb0 .part v0x55ccbaa17500_0, 37, 1;
L_0x55ccbaa20ca0 .part v0x55ccbaa175c0_0, 37, 1;
L_0x55ccbaa210a0 .part v0x55ccbaa17500_0, 38, 1;
L_0x55ccbaa21190 .part v0x55ccbaa175c0_0, 38, 1;
L_0x55ccbaa215a0 .part v0x55ccbaa17500_0, 39, 1;
L_0x55ccbaa21690 .part v0x55ccbaa175c0_0, 39, 1;
L_0x55ccbaa21ab0 .part v0x55ccbaa17500_0, 40, 1;
L_0x55ccbaa21ba0 .part v0x55ccbaa175c0_0, 40, 1;
L_0x55ccbaa21fd0 .part v0x55ccbaa17500_0, 41, 1;
L_0x55ccbaa220c0 .part v0x55ccbaa175c0_0, 41, 1;
L_0x55ccbaa22500 .part v0x55ccbaa17500_0, 42, 1;
L_0x55ccbaa225f0 .part v0x55ccbaa175c0_0, 42, 1;
L_0x55ccbaa22a40 .part v0x55ccbaa17500_0, 43, 1;
L_0x55ccbaa22b30 .part v0x55ccbaa175c0_0, 43, 1;
L_0x55ccbaa22f90 .part v0x55ccbaa17500_0, 44, 1;
L_0x55ccbaa23080 .part v0x55ccbaa175c0_0, 44, 1;
L_0x55ccbaa234f0 .part v0x55ccbaa17500_0, 45, 1;
L_0x55ccbaa235e0 .part v0x55ccbaa175c0_0, 45, 1;
L_0x55ccbaa23a60 .part v0x55ccbaa17500_0, 46, 1;
L_0x55ccbaa23b50 .part v0x55ccbaa175c0_0, 46, 1;
L_0x55ccbaa23fe0 .part v0x55ccbaa17500_0, 47, 1;
L_0x55ccbaa240d0 .part v0x55ccbaa175c0_0, 47, 1;
L_0x55ccbaa24570 .part v0x55ccbaa17500_0, 48, 1;
L_0x55ccbaa24660 .part v0x55ccbaa175c0_0, 48, 1;
L_0x55ccbaa24b10 .part v0x55ccbaa17500_0, 49, 1;
L_0x55ccbaa24c00 .part v0x55ccbaa175c0_0, 49, 1;
L_0x55ccbaa250c0 .part v0x55ccbaa17500_0, 50, 1;
L_0x55ccbaa251b0 .part v0x55ccbaa175c0_0, 50, 1;
L_0x55ccbaa25680 .part v0x55ccbaa17500_0, 51, 1;
L_0x55ccbaa25770 .part v0x55ccbaa175c0_0, 51, 1;
L_0x55ccbaa25c50 .part v0x55ccbaa17500_0, 52, 1;
L_0x55ccbaa25d40 .part v0x55ccbaa175c0_0, 52, 1;
L_0x55ccbaa26230 .part v0x55ccbaa17500_0, 53, 1;
L_0x55ccbaa26320 .part v0x55ccbaa175c0_0, 53, 1;
L_0x55ccbaa26820 .part v0x55ccbaa17500_0, 54, 1;
L_0x55ccbaa26910 .part v0x55ccbaa175c0_0, 54, 1;
L_0x55ccbaa26e20 .part v0x55ccbaa17500_0, 55, 1;
L_0x55ccbaa26f10 .part v0x55ccbaa175c0_0, 55, 1;
L_0x55ccbaa27430 .part v0x55ccbaa17500_0, 56, 1;
L_0x55ccbaa27520 .part v0x55ccbaa175c0_0, 56, 1;
L_0x55ccbaa27a50 .part v0x55ccbaa17500_0, 57, 1;
L_0x55ccbaa27b40 .part v0x55ccbaa175c0_0, 57, 1;
L_0x55ccbaa28080 .part v0x55ccbaa17500_0, 58, 1;
L_0x55ccbaa28170 .part v0x55ccbaa175c0_0, 58, 1;
L_0x55ccbaa286c0 .part v0x55ccbaa17500_0, 59, 1;
L_0x55ccbaa287b0 .part v0x55ccbaa175c0_0, 59, 1;
L_0x55ccbaa28d10 .part v0x55ccbaa17500_0, 60, 1;
L_0x55ccbaa28e00 .part v0x55ccbaa175c0_0, 60, 1;
L_0x55ccbaa29370 .part v0x55ccbaa17500_0, 61, 1;
L_0x55ccbaa29460 .part v0x55ccbaa175c0_0, 61, 1;
L_0x55ccbaa299e0 .part v0x55ccbaa17500_0, 62, 1;
L_0x55ccbaa2a2e0 .part v0x55ccbaa175c0_0, 62, 1;
LS_0x55ccbaa2afe0_0_0 .concat8 [ 1 1 1 1], L_0x55ccbaa17790, L_0x55ccbaa17ac0, L_0x55ccbaa17d40, L_0x55ccbaa18010;
LS_0x55ccbaa2afe0_0_4 .concat8 [ 1 1 1 1], L_0x55ccbaa18260, L_0x55ccbaa18540, L_0x55ccbaa187e0, L_0x55ccbaa18770;
LS_0x55ccbaa2afe0_0_8 .concat8 [ 1 1 1 1], L_0x55ccbaa18d80, L_0x55ccbaa190a0, L_0x55ccbaa193d0, L_0x55ccbaa19670;
LS_0x55ccbaa2afe0_0_12 .concat8 [ 1 1 1 1], L_0x55ccbaa199c0, L_0x55ccbaa19d20, L_0x55ccbaa1a090, L_0x55ccbaa1a620;
LS_0x55ccbaa2afe0_0_16 .concat8 [ 1 1 1 1], L_0x55ccbaa1a9b0, L_0x55ccbaa1ad50, L_0x55ccbaa1b100, L_0x55ccbaa1b4c0;
LS_0x55ccbaa2afe0_0_20 .concat8 [ 1 1 1 1], L_0x55ccbaa1b890, L_0x55ccbaa1bc70, L_0x55ccbaa1c060, L_0x55ccbaa1c460;
LS_0x55ccbaa2afe0_0_24 .concat8 [ 1 1 1 1], L_0x55ccbaa1c870, L_0x55ccbaa1cc90, L_0x55ccbaa1d0c0, L_0x55ccbaa1d500;
LS_0x55ccbaa2afe0_0_28 .concat8 [ 1 1 1 1], L_0x55ccbaa1d950, L_0x55ccbaa1ddb0, L_0x55ccbaa1e220, L_0x55ccbaa1eec0;
LS_0x55ccbaa2afe0_0_32 .concat8 [ 1 1 1 1], L_0x55ccbaa1f350, L_0x55ccbaa1f7f0, L_0x55ccbaa1fca0, L_0x55ccbaa20160;
LS_0x55ccbaa2afe0_0_36 .concat8 [ 1 1 1 1], L_0x55ccbaa20630, L_0x55ccbaa20b10, L_0x55ccbaa21000, L_0x55ccbaa21500;
LS_0x55ccbaa2afe0_0_40 .concat8 [ 1 1 1 1], L_0x55ccbaa21a10, L_0x55ccbaa21f30, L_0x55ccbaa22460, L_0x55ccbaa229a0;
LS_0x55ccbaa2afe0_0_44 .concat8 [ 1 1 1 1], L_0x55ccbaa22ef0, L_0x55ccbaa23450, L_0x55ccbaa239c0, L_0x55ccbaa23f40;
LS_0x55ccbaa2afe0_0_48 .concat8 [ 1 1 1 1], L_0x55ccbaa244d0, L_0x55ccbaa24a70, L_0x55ccbaa25020, L_0x55ccbaa255e0;
LS_0x55ccbaa2afe0_0_52 .concat8 [ 1 1 1 1], L_0x55ccbaa25bb0, L_0x55ccbaa26190, L_0x55ccbaa26780, L_0x55ccbaa26d80;
LS_0x55ccbaa2afe0_0_56 .concat8 [ 1 1 1 1], L_0x55ccbaa27390, L_0x55ccbaa279b0, L_0x55ccbaa27fe0, L_0x55ccbaa28620;
LS_0x55ccbaa2afe0_0_60 .concat8 [ 1 1 1 1], L_0x55ccbaa28c70, L_0x55ccbaa292d0, L_0x55ccbaa29940, L_0x55ccbaa2c480;
LS_0x55ccbaa2afe0_1_0 .concat8 [ 4 4 4 4], LS_0x55ccbaa2afe0_0_0, LS_0x55ccbaa2afe0_0_4, LS_0x55ccbaa2afe0_0_8, LS_0x55ccbaa2afe0_0_12;
LS_0x55ccbaa2afe0_1_4 .concat8 [ 4 4 4 4], LS_0x55ccbaa2afe0_0_16, LS_0x55ccbaa2afe0_0_20, LS_0x55ccbaa2afe0_0_24, LS_0x55ccbaa2afe0_0_28;
LS_0x55ccbaa2afe0_1_8 .concat8 [ 4 4 4 4], LS_0x55ccbaa2afe0_0_32, LS_0x55ccbaa2afe0_0_36, LS_0x55ccbaa2afe0_0_40, LS_0x55ccbaa2afe0_0_44;
LS_0x55ccbaa2afe0_1_12 .concat8 [ 4 4 4 4], LS_0x55ccbaa2afe0_0_48, LS_0x55ccbaa2afe0_0_52, LS_0x55ccbaa2afe0_0_56, LS_0x55ccbaa2afe0_0_60;
L_0x55ccbaa2afe0 .concat8 [ 16 16 16 16], LS_0x55ccbaa2afe0_1_0, LS_0x55ccbaa2afe0_1_4, LS_0x55ccbaa2afe0_1_8, LS_0x55ccbaa2afe0_1_12;
L_0x55ccbaa2c540 .part v0x55ccbaa17500_0, 63, 1;
L_0x55ccbaa2ca40 .part v0x55ccbaa175c0_0, 63, 1;
S_0x55ccba97c030 .scope generate, "genblk1[1]" "genblk1[1]" 3 7, 3 7 0, S_0x55ccba9b2640;
 .timescale 0 0;
P_0x55ccba9d2570 .param/l "i" 0 3 7, +C4<01>;
L_0x55ccbaa17790 .functor AND 1, L_0x55ccbaa17890, L_0x55ccbaa17980, C4<1>, C4<1>;
v0x55ccba9c33c0_0 .net *"_s0", 0 0, L_0x55ccbaa17890;  1 drivers
v0x55ccba9c2810_0 .net *"_s1", 0 0, L_0x55ccbaa17980;  1 drivers
S_0x55ccbaa01970 .scope generate, "genblk1[2]" "genblk1[2]" 3 7, 3 7 0, S_0x55ccba9b2640;
 .timescale 0 0;
P_0x55ccba9cea60 .param/l "i" 0 3 7, +C4<010>;
L_0x55ccbaa17ac0 .functor AND 1, L_0x55ccbaa17b30, L_0x55ccbaa17c20, C4<1>, C4<1>;
v0x55ccba9beda0_0 .net *"_s0", 0 0, L_0x55ccbaa17b30;  1 drivers
v0x55ccba9b6160_0 .net *"_s1", 0 0, L_0x55ccbaa17c20;  1 drivers
S_0x55ccbaa01c20 .scope generate, "genblk1[3]" "genblk1[3]" 3 7, 3 7 0, S_0x55ccba9b2640;
 .timescale 0 0;
P_0x55ccba9d3140 .param/l "i" 0 3 7, +C4<011>;
L_0x55ccbaa17d40 .functor AND 1, L_0x55ccbaa17db0, L_0x55ccbaa17ea0, C4<1>, C4<1>;
v0x55ccba9b55b0_0 .net *"_s0", 0 0, L_0x55ccbaa17db0;  1 drivers
v0x55ccba9b4a50_0 .net *"_s1", 0 0, L_0x55ccbaa17ea0;  1 drivers
S_0x55ccbaa01eb0 .scope generate, "genblk1[4]" "genblk1[4]" 3 7, 3 7 0, S_0x55ccba9b2640;
 .timescale 0 0;
P_0x55ccba9d48e0 .param/l "i" 0 3 7, +C4<0100>;
L_0x55ccbaa18010 .functor AND 1, L_0x55ccbaa18080, L_0x55ccbaa18120, C4<1>, C4<1>;
v0x55ccba9b0960_0 .net *"_s0", 0 0, L_0x55ccbaa18080;  1 drivers
v0x55ccbaa02120_0 .net *"_s1", 0 0, L_0x55ccbaa18120;  1 drivers
S_0x55ccbaa02200 .scope generate, "genblk1[5]" "genblk1[5]" 3 7, 3 7 0, S_0x55ccba9b2640;
 .timescale 0 0;
P_0x55ccbaa023f0 .param/l "i" 0 3 7, +C4<0101>;
L_0x55ccbaa18260 .functor AND 1, L_0x55ccbaa18300, L_0x55ccbaa183f0, C4<1>, C4<1>;
v0x55ccbaa024d0_0 .net *"_s0", 0 0, L_0x55ccbaa18300;  1 drivers
v0x55ccbaa025b0_0 .net *"_s1", 0 0, L_0x55ccbaa183f0;  1 drivers
S_0x55ccbaa02690 .scope generate, "genblk1[6]" "genblk1[6]" 3 7, 3 7 0, S_0x55ccba9b2640;
 .timescale 0 0;
P_0x55ccbaa02880 .param/l "i" 0 3 7, +C4<0110>;
L_0x55ccbaa18540 .functor AND 1, L_0x55ccbaa185e0, L_0x55ccbaa18680, C4<1>, C4<1>;
v0x55ccbaa02960_0 .net *"_s0", 0 0, L_0x55ccbaa185e0;  1 drivers
v0x55ccbaa02a40_0 .net *"_s1", 0 0, L_0x55ccbaa18680;  1 drivers
S_0x55ccbaa02b20 .scope generate, "genblk1[7]" "genblk1[7]" 3 7, 3 7 0, S_0x55ccba9b2640;
 .timescale 0 0;
P_0x55ccbaa02d10 .param/l "i" 0 3 7, +C4<0111>;
L_0x55ccbaa187e0 .functor AND 1, L_0x55ccbaa18880, L_0x55ccbaa18970, C4<1>, C4<1>;
v0x55ccbaa02df0_0 .net *"_s0", 0 0, L_0x55ccbaa18880;  1 drivers
v0x55ccbaa02ed0_0 .net *"_s1", 0 0, L_0x55ccbaa18970;  1 drivers
S_0x55ccbaa02fb0 .scope generate, "genblk1[8]" "genblk1[8]" 3 7, 3 7 0, S_0x55ccba9b2640;
 .timescale 0 0;
P_0x55ccbaa031a0 .param/l "i" 0 3 7, +C4<01000>;
L_0x55ccbaa18770 .functor AND 1, L_0x55ccbaa18b10, L_0x55ccbaa18c00, C4<1>, C4<1>;
v0x55ccbaa03280_0 .net *"_s0", 0 0, L_0x55ccbaa18b10;  1 drivers
v0x55ccbaa03360_0 .net *"_s1", 0 0, L_0x55ccbaa18c00;  1 drivers
S_0x55ccbaa03440 .scope generate, "genblk1[9]" "genblk1[9]" 3 7, 3 7 0, S_0x55ccba9b2640;
 .timescale 0 0;
P_0x55ccbaa023a0 .param/l "i" 0 3 7, +C4<01001>;
L_0x55ccbaa18d80 .functor AND 1, L_0x55ccbaa18e20, L_0x55ccbaa18f10, C4<1>, C4<1>;
v0x55ccbaa036c0_0 .net *"_s0", 0 0, L_0x55ccbaa18e20;  1 drivers
v0x55ccbaa037a0_0 .net *"_s1", 0 0, L_0x55ccbaa18f10;  1 drivers
S_0x55ccbaa03880 .scope generate, "genblk1[10]" "genblk1[10]" 3 7, 3 7 0, S_0x55ccba9b2640;
 .timescale 0 0;
P_0x55ccbaa03a70 .param/l "i" 0 3 7, +C4<01010>;
L_0x55ccbaa190a0 .functor AND 1, L_0x55ccbaa19140, L_0x55ccbaa19230, C4<1>, C4<1>;
v0x55ccbaa03b50_0 .net *"_s0", 0 0, L_0x55ccbaa19140;  1 drivers
v0x55ccbaa03c30_0 .net *"_s1", 0 0, L_0x55ccbaa19230;  1 drivers
S_0x55ccbaa03d10 .scope generate, "genblk1[11]" "genblk1[11]" 3 7, 3 7 0, S_0x55ccba9b2640;
 .timescale 0 0;
P_0x55ccbaa03f00 .param/l "i" 0 3 7, +C4<01011>;
L_0x55ccbaa193d0 .functor AND 1, L_0x55ccbaa19000, L_0x55ccbaa194c0, C4<1>, C4<1>;
v0x55ccbaa03fe0_0 .net *"_s0", 0 0, L_0x55ccbaa19000;  1 drivers
v0x55ccbaa040c0_0 .net *"_s1", 0 0, L_0x55ccbaa194c0;  1 drivers
S_0x55ccbaa041a0 .scope generate, "genblk1[12]" "genblk1[12]" 3 7, 3 7 0, S_0x55ccba9b2640;
 .timescale 0 0;
P_0x55ccbaa04390 .param/l "i" 0 3 7, +C4<01100>;
L_0x55ccbaa19670 .functor AND 1, L_0x55ccbaa19710, L_0x55ccbaa19800, C4<1>, C4<1>;
v0x55ccbaa04470_0 .net *"_s0", 0 0, L_0x55ccbaa19710;  1 drivers
v0x55ccbaa04550_0 .net *"_s1", 0 0, L_0x55ccbaa19800;  1 drivers
S_0x55ccbaa04630 .scope generate, "genblk1[13]" "genblk1[13]" 3 7, 3 7 0, S_0x55ccba9b2640;
 .timescale 0 0;
P_0x55ccbaa04820 .param/l "i" 0 3 7, +C4<01101>;
L_0x55ccbaa199c0 .functor AND 1, L_0x55ccbaa19a60, L_0x55ccbaa19b50, C4<1>, C4<1>;
v0x55ccbaa04900_0 .net *"_s0", 0 0, L_0x55ccbaa19a60;  1 drivers
v0x55ccbaa049e0_0 .net *"_s1", 0 0, L_0x55ccbaa19b50;  1 drivers
S_0x55ccbaa04ac0 .scope generate, "genblk1[14]" "genblk1[14]" 3 7, 3 7 0, S_0x55ccba9b2640;
 .timescale 0 0;
P_0x55ccbaa04cb0 .param/l "i" 0 3 7, +C4<01110>;
L_0x55ccbaa19d20 .functor AND 1, L_0x55ccbaa19dc0, L_0x55ccbaa19eb0, C4<1>, C4<1>;
v0x55ccbaa04d90_0 .net *"_s0", 0 0, L_0x55ccbaa19dc0;  1 drivers
v0x55ccbaa04e70_0 .net *"_s1", 0 0, L_0x55ccbaa19eb0;  1 drivers
S_0x55ccbaa04f50 .scope generate, "genblk1[15]" "genblk1[15]" 3 7, 3 7 0, S_0x55ccba9b2640;
 .timescale 0 0;
P_0x55ccbaa05140 .param/l "i" 0 3 7, +C4<01111>;
L_0x55ccbaa1a090 .functor AND 1, L_0x55ccbaa1a130, L_0x55ccbaa1a220, C4<1>, C4<1>;
v0x55ccbaa05220_0 .net *"_s0", 0 0, L_0x55ccbaa1a130;  1 drivers
v0x55ccbaa05300_0 .net *"_s1", 0 0, L_0x55ccbaa1a220;  1 drivers
S_0x55ccbaa053e0 .scope generate, "genblk1[16]" "genblk1[16]" 3 7, 3 7 0, S_0x55ccba9b2640;
 .timescale 0 0;
P_0x55ccbaa055d0 .param/l "i" 0 3 7, +C4<010000>;
L_0x55ccbaa1a620 .functor AND 1, L_0x55ccbaa1a6c0, L_0x55ccbaa1a7b0, C4<1>, C4<1>;
v0x55ccbaa056b0_0 .net *"_s0", 0 0, L_0x55ccbaa1a6c0;  1 drivers
v0x55ccbaa05790_0 .net *"_s1", 0 0, L_0x55ccbaa1a7b0;  1 drivers
S_0x55ccbaa05870 .scope generate, "genblk1[17]" "genblk1[17]" 3 7, 3 7 0, S_0x55ccba9b2640;
 .timescale 0 0;
P_0x55ccbaa05a60 .param/l "i" 0 3 7, +C4<010001>;
L_0x55ccbaa1a9b0 .functor AND 1, L_0x55ccbaa1aa50, L_0x55ccbaa1ab40, C4<1>, C4<1>;
v0x55ccbaa05b40_0 .net *"_s0", 0 0, L_0x55ccbaa1aa50;  1 drivers
v0x55ccbaa05c20_0 .net *"_s1", 0 0, L_0x55ccbaa1ab40;  1 drivers
S_0x55ccbaa05d00 .scope generate, "genblk1[18]" "genblk1[18]" 3 7, 3 7 0, S_0x55ccba9b2640;
 .timescale 0 0;
P_0x55ccbaa05ef0 .param/l "i" 0 3 7, +C4<010010>;
L_0x55ccbaa1ad50 .functor AND 1, L_0x55ccbaa1adf0, L_0x55ccbaa1aee0, C4<1>, C4<1>;
v0x55ccbaa05fd0_0 .net *"_s0", 0 0, L_0x55ccbaa1adf0;  1 drivers
v0x55ccbaa060b0_0 .net *"_s1", 0 0, L_0x55ccbaa1aee0;  1 drivers
S_0x55ccbaa06190 .scope generate, "genblk1[19]" "genblk1[19]" 3 7, 3 7 0, S_0x55ccba9b2640;
 .timescale 0 0;
P_0x55ccbaa06380 .param/l "i" 0 3 7, +C4<010011>;
L_0x55ccbaa1b100 .functor AND 1, L_0x55ccbaa1b1a0, L_0x55ccbaa1b290, C4<1>, C4<1>;
v0x55ccbaa06460_0 .net *"_s0", 0 0, L_0x55ccbaa1b1a0;  1 drivers
v0x55ccbaa06540_0 .net *"_s1", 0 0, L_0x55ccbaa1b290;  1 drivers
S_0x55ccbaa06620 .scope generate, "genblk1[20]" "genblk1[20]" 3 7, 3 7 0, S_0x55ccba9b2640;
 .timescale 0 0;
P_0x55ccbaa06810 .param/l "i" 0 3 7, +C4<010100>;
L_0x55ccbaa1b4c0 .functor AND 1, L_0x55ccbaa1b560, L_0x55ccbaa1b650, C4<1>, C4<1>;
v0x55ccbaa068f0_0 .net *"_s0", 0 0, L_0x55ccbaa1b560;  1 drivers
v0x55ccbaa069d0_0 .net *"_s1", 0 0, L_0x55ccbaa1b650;  1 drivers
S_0x55ccbaa06ab0 .scope generate, "genblk1[21]" "genblk1[21]" 3 7, 3 7 0, S_0x55ccba9b2640;
 .timescale 0 0;
P_0x55ccbaa06ca0 .param/l "i" 0 3 7, +C4<010101>;
L_0x55ccbaa1b890 .functor AND 1, L_0x55ccbaa1b930, L_0x55ccbaa1ba20, C4<1>, C4<1>;
v0x55ccbaa06d80_0 .net *"_s0", 0 0, L_0x55ccbaa1b930;  1 drivers
v0x55ccbaa06e60_0 .net *"_s1", 0 0, L_0x55ccbaa1ba20;  1 drivers
S_0x55ccbaa06f40 .scope generate, "genblk1[22]" "genblk1[22]" 3 7, 3 7 0, S_0x55ccba9b2640;
 .timescale 0 0;
P_0x55ccbaa07130 .param/l "i" 0 3 7, +C4<010110>;
L_0x55ccbaa1bc70 .functor AND 1, L_0x55ccbaa1bd10, L_0x55ccbaa1be00, C4<1>, C4<1>;
v0x55ccbaa07210_0 .net *"_s0", 0 0, L_0x55ccbaa1bd10;  1 drivers
v0x55ccbaa072f0_0 .net *"_s1", 0 0, L_0x55ccbaa1be00;  1 drivers
S_0x55ccbaa073d0 .scope generate, "genblk1[23]" "genblk1[23]" 3 7, 3 7 0, S_0x55ccba9b2640;
 .timescale 0 0;
P_0x55ccbaa075c0 .param/l "i" 0 3 7, +C4<010111>;
L_0x55ccbaa1c060 .functor AND 1, L_0x55ccbaa1c100, L_0x55ccbaa1c1f0, C4<1>, C4<1>;
v0x55ccbaa076a0_0 .net *"_s0", 0 0, L_0x55ccbaa1c100;  1 drivers
v0x55ccbaa07780_0 .net *"_s1", 0 0, L_0x55ccbaa1c1f0;  1 drivers
S_0x55ccbaa07860 .scope generate, "genblk1[24]" "genblk1[24]" 3 7, 3 7 0, S_0x55ccba9b2640;
 .timescale 0 0;
P_0x55ccbaa07a50 .param/l "i" 0 3 7, +C4<011000>;
L_0x55ccbaa1c460 .functor AND 1, L_0x55ccbaa1c500, L_0x55ccbaa1c5f0, C4<1>, C4<1>;
v0x55ccbaa07b30_0 .net *"_s0", 0 0, L_0x55ccbaa1c500;  1 drivers
v0x55ccbaa07c10_0 .net *"_s1", 0 0, L_0x55ccbaa1c5f0;  1 drivers
S_0x55ccbaa07cf0 .scope generate, "genblk1[25]" "genblk1[25]" 3 7, 3 7 0, S_0x55ccba9b2640;
 .timescale 0 0;
P_0x55ccbaa07ee0 .param/l "i" 0 3 7, +C4<011001>;
L_0x55ccbaa1c870 .functor AND 1, L_0x55ccbaa1c910, L_0x55ccbaa1ca00, C4<1>, C4<1>;
v0x55ccbaa07fc0_0 .net *"_s0", 0 0, L_0x55ccbaa1c910;  1 drivers
v0x55ccbaa080a0_0 .net *"_s1", 0 0, L_0x55ccbaa1ca00;  1 drivers
S_0x55ccbaa08180 .scope generate, "genblk1[26]" "genblk1[26]" 3 7, 3 7 0, S_0x55ccba9b2640;
 .timescale 0 0;
P_0x55ccbaa08370 .param/l "i" 0 3 7, +C4<011010>;
L_0x55ccbaa1cc90 .functor AND 1, L_0x55ccbaa1cd30, L_0x55ccbaa1ce20, C4<1>, C4<1>;
v0x55ccbaa08450_0 .net *"_s0", 0 0, L_0x55ccbaa1cd30;  1 drivers
v0x55ccbaa08530_0 .net *"_s1", 0 0, L_0x55ccbaa1ce20;  1 drivers
S_0x55ccbaa08610 .scope generate, "genblk1[27]" "genblk1[27]" 3 7, 3 7 0, S_0x55ccba9b2640;
 .timescale 0 0;
P_0x55ccbaa08800 .param/l "i" 0 3 7, +C4<011011>;
L_0x55ccbaa1d0c0 .functor AND 1, L_0x55ccbaa1d160, L_0x55ccbaa1d250, C4<1>, C4<1>;
v0x55ccbaa088e0_0 .net *"_s0", 0 0, L_0x55ccbaa1d160;  1 drivers
v0x55ccbaa089c0_0 .net *"_s1", 0 0, L_0x55ccbaa1d250;  1 drivers
S_0x55ccbaa08aa0 .scope generate, "genblk1[28]" "genblk1[28]" 3 7, 3 7 0, S_0x55ccba9b2640;
 .timescale 0 0;
P_0x55ccbaa08c90 .param/l "i" 0 3 7, +C4<011100>;
L_0x55ccbaa1d500 .functor AND 1, L_0x55ccbaa1d5a0, L_0x55ccbaa1d690, C4<1>, C4<1>;
v0x55ccbaa08d70_0 .net *"_s0", 0 0, L_0x55ccbaa1d5a0;  1 drivers
v0x55ccbaa08e50_0 .net *"_s1", 0 0, L_0x55ccbaa1d690;  1 drivers
S_0x55ccbaa08f30 .scope generate, "genblk1[29]" "genblk1[29]" 3 7, 3 7 0, S_0x55ccba9b2640;
 .timescale 0 0;
P_0x55ccbaa09120 .param/l "i" 0 3 7, +C4<011101>;
L_0x55ccbaa1d950 .functor AND 1, L_0x55ccbaa1d9f0, L_0x55ccbaa1dae0, C4<1>, C4<1>;
v0x55ccbaa09200_0 .net *"_s0", 0 0, L_0x55ccbaa1d9f0;  1 drivers
v0x55ccbaa092e0_0 .net *"_s1", 0 0, L_0x55ccbaa1dae0;  1 drivers
S_0x55ccbaa093c0 .scope generate, "genblk1[30]" "genblk1[30]" 3 7, 3 7 0, S_0x55ccba9b2640;
 .timescale 0 0;
P_0x55ccbaa095b0 .param/l "i" 0 3 7, +C4<011110>;
L_0x55ccbaa1ddb0 .functor AND 1, L_0x55ccbaa1de50, L_0x55ccbaa1df40, C4<1>, C4<1>;
v0x55ccbaa09690_0 .net *"_s0", 0 0, L_0x55ccbaa1de50;  1 drivers
v0x55ccbaa09770_0 .net *"_s1", 0 0, L_0x55ccbaa1df40;  1 drivers
S_0x55ccbaa09850 .scope generate, "genblk1[31]" "genblk1[31]" 3 7, 3 7 0, S_0x55ccba9b2640;
 .timescale 0 0;
P_0x55ccbaa09a40 .param/l "i" 0 3 7, +C4<011111>;
L_0x55ccbaa1e220 .functor AND 1, L_0x55ccbaa1e2c0, L_0x55ccbaa1e7c0, C4<1>, C4<1>;
v0x55ccbaa09b20_0 .net *"_s0", 0 0, L_0x55ccbaa1e2c0;  1 drivers
v0x55ccbaa09c00_0 .net *"_s1", 0 0, L_0x55ccbaa1e7c0;  1 drivers
S_0x55ccbaa09ce0 .scope generate, "genblk1[32]" "genblk1[32]" 3 7, 3 7 0, S_0x55ccba9b2640;
 .timescale 0 0;
P_0x55ccbaa09ed0 .param/l "i" 0 3 7, +C4<0100000>;
L_0x55ccbaa1eec0 .functor AND 1, L_0x55ccbaa1ef60, L_0x55ccbaa1f050, C4<1>, C4<1>;
v0x55ccbaa09f90_0 .net *"_s0", 0 0, L_0x55ccbaa1ef60;  1 drivers
v0x55ccbaa0a090_0 .net *"_s1", 0 0, L_0x55ccbaa1f050;  1 drivers
S_0x55ccbaa0a170 .scope generate, "genblk1[33]" "genblk1[33]" 3 7, 3 7 0, S_0x55ccba9b2640;
 .timescale 0 0;
P_0x55ccbaa0a360 .param/l "i" 0 3 7, +C4<0100001>;
L_0x55ccbaa1f350 .functor AND 1, L_0x55ccbaa1f3f0, L_0x55ccbaa1f4e0, C4<1>, C4<1>;
v0x55ccbaa0a420_0 .net *"_s0", 0 0, L_0x55ccbaa1f3f0;  1 drivers
v0x55ccbaa0a520_0 .net *"_s1", 0 0, L_0x55ccbaa1f4e0;  1 drivers
S_0x55ccbaa0a600 .scope generate, "genblk1[34]" "genblk1[34]" 3 7, 3 7 0, S_0x55ccba9b2640;
 .timescale 0 0;
P_0x55ccbaa0a7f0 .param/l "i" 0 3 7, +C4<0100010>;
L_0x55ccbaa1f7f0 .functor AND 1, L_0x55ccbaa1f890, L_0x55ccbaa1f980, C4<1>, C4<1>;
v0x55ccbaa0a8b0_0 .net *"_s0", 0 0, L_0x55ccbaa1f890;  1 drivers
v0x55ccbaa0a9b0_0 .net *"_s1", 0 0, L_0x55ccbaa1f980;  1 drivers
S_0x55ccbaa0aa90 .scope generate, "genblk1[35]" "genblk1[35]" 3 7, 3 7 0, S_0x55ccba9b2640;
 .timescale 0 0;
P_0x55ccbaa0ac80 .param/l "i" 0 3 7, +C4<0100011>;
L_0x55ccbaa1fca0 .functor AND 1, L_0x55ccbaa1fd40, L_0x55ccbaa1fe30, C4<1>, C4<1>;
v0x55ccbaa0ad40_0 .net *"_s0", 0 0, L_0x55ccbaa1fd40;  1 drivers
v0x55ccbaa0ae40_0 .net *"_s1", 0 0, L_0x55ccbaa1fe30;  1 drivers
S_0x55ccbaa0af20 .scope generate, "genblk1[36]" "genblk1[36]" 3 7, 3 7 0, S_0x55ccba9b2640;
 .timescale 0 0;
P_0x55ccbaa0b110 .param/l "i" 0 3 7, +C4<0100100>;
L_0x55ccbaa20160 .functor AND 1, L_0x55ccbaa20200, L_0x55ccbaa202f0, C4<1>, C4<1>;
v0x55ccbaa0b1d0_0 .net *"_s0", 0 0, L_0x55ccbaa20200;  1 drivers
v0x55ccbaa0b2d0_0 .net *"_s1", 0 0, L_0x55ccbaa202f0;  1 drivers
S_0x55ccbaa0b3b0 .scope generate, "genblk1[37]" "genblk1[37]" 3 7, 3 7 0, S_0x55ccba9b2640;
 .timescale 0 0;
P_0x55ccbaa0b5a0 .param/l "i" 0 3 7, +C4<0100101>;
L_0x55ccbaa20630 .functor AND 1, L_0x55ccbaa206d0, L_0x55ccbaa207c0, C4<1>, C4<1>;
v0x55ccbaa0b660_0 .net *"_s0", 0 0, L_0x55ccbaa206d0;  1 drivers
v0x55ccbaa0b760_0 .net *"_s1", 0 0, L_0x55ccbaa207c0;  1 drivers
S_0x55ccbaa0b840 .scope generate, "genblk1[38]" "genblk1[38]" 3 7, 3 7 0, S_0x55ccba9b2640;
 .timescale 0 0;
P_0x55ccbaa0ba30 .param/l "i" 0 3 7, +C4<0100110>;
L_0x55ccbaa20b10 .functor AND 1, L_0x55ccbaa20bb0, L_0x55ccbaa20ca0, C4<1>, C4<1>;
v0x55ccbaa0baf0_0 .net *"_s0", 0 0, L_0x55ccbaa20bb0;  1 drivers
v0x55ccbaa0bbf0_0 .net *"_s1", 0 0, L_0x55ccbaa20ca0;  1 drivers
S_0x55ccbaa0bcd0 .scope generate, "genblk1[39]" "genblk1[39]" 3 7, 3 7 0, S_0x55ccba9b2640;
 .timescale 0 0;
P_0x55ccbaa0bec0 .param/l "i" 0 3 7, +C4<0100111>;
L_0x55ccbaa21000 .functor AND 1, L_0x55ccbaa210a0, L_0x55ccbaa21190, C4<1>, C4<1>;
v0x55ccbaa0bf80_0 .net *"_s0", 0 0, L_0x55ccbaa210a0;  1 drivers
v0x55ccbaa0c080_0 .net *"_s1", 0 0, L_0x55ccbaa21190;  1 drivers
S_0x55ccbaa0c160 .scope generate, "genblk1[40]" "genblk1[40]" 3 7, 3 7 0, S_0x55ccba9b2640;
 .timescale 0 0;
P_0x55ccbaa0c350 .param/l "i" 0 3 7, +C4<0101000>;
L_0x55ccbaa21500 .functor AND 1, L_0x55ccbaa215a0, L_0x55ccbaa21690, C4<1>, C4<1>;
v0x55ccbaa0c410_0 .net *"_s0", 0 0, L_0x55ccbaa215a0;  1 drivers
v0x55ccbaa0c510_0 .net *"_s1", 0 0, L_0x55ccbaa21690;  1 drivers
S_0x55ccbaa0c5f0 .scope generate, "genblk1[41]" "genblk1[41]" 3 7, 3 7 0, S_0x55ccba9b2640;
 .timescale 0 0;
P_0x55ccbaa0c7e0 .param/l "i" 0 3 7, +C4<0101001>;
L_0x55ccbaa21a10 .functor AND 1, L_0x55ccbaa21ab0, L_0x55ccbaa21ba0, C4<1>, C4<1>;
v0x55ccbaa0c8a0_0 .net *"_s0", 0 0, L_0x55ccbaa21ab0;  1 drivers
v0x55ccbaa0c9a0_0 .net *"_s1", 0 0, L_0x55ccbaa21ba0;  1 drivers
S_0x55ccbaa0ca80 .scope generate, "genblk1[42]" "genblk1[42]" 3 7, 3 7 0, S_0x55ccba9b2640;
 .timescale 0 0;
P_0x55ccbaa0cc70 .param/l "i" 0 3 7, +C4<0101010>;
L_0x55ccbaa21f30 .functor AND 1, L_0x55ccbaa21fd0, L_0x55ccbaa220c0, C4<1>, C4<1>;
v0x55ccbaa0cd30_0 .net *"_s0", 0 0, L_0x55ccbaa21fd0;  1 drivers
v0x55ccbaa0ce30_0 .net *"_s1", 0 0, L_0x55ccbaa220c0;  1 drivers
S_0x55ccbaa0cf10 .scope generate, "genblk1[43]" "genblk1[43]" 3 7, 3 7 0, S_0x55ccba9b2640;
 .timescale 0 0;
P_0x55ccbaa0d100 .param/l "i" 0 3 7, +C4<0101011>;
L_0x55ccbaa22460 .functor AND 1, L_0x55ccbaa22500, L_0x55ccbaa225f0, C4<1>, C4<1>;
v0x55ccbaa0d1c0_0 .net *"_s0", 0 0, L_0x55ccbaa22500;  1 drivers
v0x55ccbaa0d2c0_0 .net *"_s1", 0 0, L_0x55ccbaa225f0;  1 drivers
S_0x55ccbaa0d3a0 .scope generate, "genblk1[44]" "genblk1[44]" 3 7, 3 7 0, S_0x55ccba9b2640;
 .timescale 0 0;
P_0x55ccbaa0d590 .param/l "i" 0 3 7, +C4<0101100>;
L_0x55ccbaa229a0 .functor AND 1, L_0x55ccbaa22a40, L_0x55ccbaa22b30, C4<1>, C4<1>;
v0x55ccbaa0d650_0 .net *"_s0", 0 0, L_0x55ccbaa22a40;  1 drivers
v0x55ccbaa0d750_0 .net *"_s1", 0 0, L_0x55ccbaa22b30;  1 drivers
S_0x55ccbaa0d830 .scope generate, "genblk1[45]" "genblk1[45]" 3 7, 3 7 0, S_0x55ccba9b2640;
 .timescale 0 0;
P_0x55ccbaa0da20 .param/l "i" 0 3 7, +C4<0101101>;
L_0x55ccbaa22ef0 .functor AND 1, L_0x55ccbaa22f90, L_0x55ccbaa23080, C4<1>, C4<1>;
v0x55ccbaa0dae0_0 .net *"_s0", 0 0, L_0x55ccbaa22f90;  1 drivers
v0x55ccbaa0dbe0_0 .net *"_s1", 0 0, L_0x55ccbaa23080;  1 drivers
S_0x55ccbaa0dcc0 .scope generate, "genblk1[46]" "genblk1[46]" 3 7, 3 7 0, S_0x55ccba9b2640;
 .timescale 0 0;
P_0x55ccbaa0deb0 .param/l "i" 0 3 7, +C4<0101110>;
L_0x55ccbaa23450 .functor AND 1, L_0x55ccbaa234f0, L_0x55ccbaa235e0, C4<1>, C4<1>;
v0x55ccbaa0df70_0 .net *"_s0", 0 0, L_0x55ccbaa234f0;  1 drivers
v0x55ccbaa0e070_0 .net *"_s1", 0 0, L_0x55ccbaa235e0;  1 drivers
S_0x55ccbaa0e150 .scope generate, "genblk1[47]" "genblk1[47]" 3 7, 3 7 0, S_0x55ccba9b2640;
 .timescale 0 0;
P_0x55ccbaa0e340 .param/l "i" 0 3 7, +C4<0101111>;
L_0x55ccbaa239c0 .functor AND 1, L_0x55ccbaa23a60, L_0x55ccbaa23b50, C4<1>, C4<1>;
v0x55ccbaa0e400_0 .net *"_s0", 0 0, L_0x55ccbaa23a60;  1 drivers
v0x55ccbaa0e500_0 .net *"_s1", 0 0, L_0x55ccbaa23b50;  1 drivers
S_0x55ccbaa0e5e0 .scope generate, "genblk1[48]" "genblk1[48]" 3 7, 3 7 0, S_0x55ccba9b2640;
 .timescale 0 0;
P_0x55ccbaa0e7d0 .param/l "i" 0 3 7, +C4<0110000>;
L_0x55ccbaa23f40 .functor AND 1, L_0x55ccbaa23fe0, L_0x55ccbaa240d0, C4<1>, C4<1>;
v0x55ccbaa0e890_0 .net *"_s0", 0 0, L_0x55ccbaa23fe0;  1 drivers
v0x55ccbaa0e990_0 .net *"_s1", 0 0, L_0x55ccbaa240d0;  1 drivers
S_0x55ccbaa0ea70 .scope generate, "genblk1[49]" "genblk1[49]" 3 7, 3 7 0, S_0x55ccba9b2640;
 .timescale 0 0;
P_0x55ccbaa0ec60 .param/l "i" 0 3 7, +C4<0110001>;
L_0x55ccbaa244d0 .functor AND 1, L_0x55ccbaa24570, L_0x55ccbaa24660, C4<1>, C4<1>;
v0x55ccbaa0ed20_0 .net *"_s0", 0 0, L_0x55ccbaa24570;  1 drivers
v0x55ccbaa0ee20_0 .net *"_s1", 0 0, L_0x55ccbaa24660;  1 drivers
S_0x55ccbaa0ef00 .scope generate, "genblk1[50]" "genblk1[50]" 3 7, 3 7 0, S_0x55ccba9b2640;
 .timescale 0 0;
P_0x55ccbaa0f0f0 .param/l "i" 0 3 7, +C4<0110010>;
L_0x55ccbaa24a70 .functor AND 1, L_0x55ccbaa24b10, L_0x55ccbaa24c00, C4<1>, C4<1>;
v0x55ccbaa0f1b0_0 .net *"_s0", 0 0, L_0x55ccbaa24b10;  1 drivers
v0x55ccbaa0f2b0_0 .net *"_s1", 0 0, L_0x55ccbaa24c00;  1 drivers
S_0x55ccbaa0f390 .scope generate, "genblk1[51]" "genblk1[51]" 3 7, 3 7 0, S_0x55ccba9b2640;
 .timescale 0 0;
P_0x55ccbaa0f580 .param/l "i" 0 3 7, +C4<0110011>;
L_0x55ccbaa25020 .functor AND 1, L_0x55ccbaa250c0, L_0x55ccbaa251b0, C4<1>, C4<1>;
v0x55ccbaa0f640_0 .net *"_s0", 0 0, L_0x55ccbaa250c0;  1 drivers
v0x55ccbaa0f740_0 .net *"_s1", 0 0, L_0x55ccbaa251b0;  1 drivers
S_0x55ccbaa0f820 .scope generate, "genblk1[52]" "genblk1[52]" 3 7, 3 7 0, S_0x55ccba9b2640;
 .timescale 0 0;
P_0x55ccbaa0fa10 .param/l "i" 0 3 7, +C4<0110100>;
L_0x55ccbaa255e0 .functor AND 1, L_0x55ccbaa25680, L_0x55ccbaa25770, C4<1>, C4<1>;
v0x55ccbaa0fad0_0 .net *"_s0", 0 0, L_0x55ccbaa25680;  1 drivers
v0x55ccbaa0fbd0_0 .net *"_s1", 0 0, L_0x55ccbaa25770;  1 drivers
S_0x55ccbaa0fcb0 .scope generate, "genblk1[53]" "genblk1[53]" 3 7, 3 7 0, S_0x55ccba9b2640;
 .timescale 0 0;
P_0x55ccbaa0fea0 .param/l "i" 0 3 7, +C4<0110101>;
L_0x55ccbaa25bb0 .functor AND 1, L_0x55ccbaa25c50, L_0x55ccbaa25d40, C4<1>, C4<1>;
v0x55ccbaa0ff60_0 .net *"_s0", 0 0, L_0x55ccbaa25c50;  1 drivers
v0x55ccbaa10060_0 .net *"_s1", 0 0, L_0x55ccbaa25d40;  1 drivers
S_0x55ccbaa10140 .scope generate, "genblk1[54]" "genblk1[54]" 3 7, 3 7 0, S_0x55ccba9b2640;
 .timescale 0 0;
P_0x55ccbaa10330 .param/l "i" 0 3 7, +C4<0110110>;
L_0x55ccbaa26190 .functor AND 1, L_0x55ccbaa26230, L_0x55ccbaa26320, C4<1>, C4<1>;
v0x55ccbaa103f0_0 .net *"_s0", 0 0, L_0x55ccbaa26230;  1 drivers
v0x55ccbaa104f0_0 .net *"_s1", 0 0, L_0x55ccbaa26320;  1 drivers
S_0x55ccbaa105d0 .scope generate, "genblk1[55]" "genblk1[55]" 3 7, 3 7 0, S_0x55ccba9b2640;
 .timescale 0 0;
P_0x55ccbaa107c0 .param/l "i" 0 3 7, +C4<0110111>;
L_0x55ccbaa26780 .functor AND 1, L_0x55ccbaa26820, L_0x55ccbaa26910, C4<1>, C4<1>;
v0x55ccbaa10880_0 .net *"_s0", 0 0, L_0x55ccbaa26820;  1 drivers
v0x55ccbaa10980_0 .net *"_s1", 0 0, L_0x55ccbaa26910;  1 drivers
S_0x55ccbaa10a60 .scope generate, "genblk1[56]" "genblk1[56]" 3 7, 3 7 0, S_0x55ccba9b2640;
 .timescale 0 0;
P_0x55ccbaa10c50 .param/l "i" 0 3 7, +C4<0111000>;
L_0x55ccbaa26d80 .functor AND 1, L_0x55ccbaa26e20, L_0x55ccbaa26f10, C4<1>, C4<1>;
v0x55ccbaa10d10_0 .net *"_s0", 0 0, L_0x55ccbaa26e20;  1 drivers
v0x55ccbaa10e10_0 .net *"_s1", 0 0, L_0x55ccbaa26f10;  1 drivers
S_0x55ccbaa10ef0 .scope generate, "genblk1[57]" "genblk1[57]" 3 7, 3 7 0, S_0x55ccba9b2640;
 .timescale 0 0;
P_0x55ccbaa110e0 .param/l "i" 0 3 7, +C4<0111001>;
L_0x55ccbaa27390 .functor AND 1, L_0x55ccbaa27430, L_0x55ccbaa27520, C4<1>, C4<1>;
v0x55ccbaa111a0_0 .net *"_s0", 0 0, L_0x55ccbaa27430;  1 drivers
v0x55ccbaa112a0_0 .net *"_s1", 0 0, L_0x55ccbaa27520;  1 drivers
S_0x55ccbaa11380 .scope generate, "genblk1[58]" "genblk1[58]" 3 7, 3 7 0, S_0x55ccba9b2640;
 .timescale 0 0;
P_0x55ccbaa11570 .param/l "i" 0 3 7, +C4<0111010>;
L_0x55ccbaa279b0 .functor AND 1, L_0x55ccbaa27a50, L_0x55ccbaa27b40, C4<1>, C4<1>;
v0x55ccbaa11630_0 .net *"_s0", 0 0, L_0x55ccbaa27a50;  1 drivers
v0x55ccbaa11730_0 .net *"_s1", 0 0, L_0x55ccbaa27b40;  1 drivers
S_0x55ccbaa11810 .scope generate, "genblk1[59]" "genblk1[59]" 3 7, 3 7 0, S_0x55ccba9b2640;
 .timescale 0 0;
P_0x55ccbaa11a00 .param/l "i" 0 3 7, +C4<0111011>;
L_0x55ccbaa27fe0 .functor AND 1, L_0x55ccbaa28080, L_0x55ccbaa28170, C4<1>, C4<1>;
v0x55ccbaa11ac0_0 .net *"_s0", 0 0, L_0x55ccbaa28080;  1 drivers
v0x55ccbaa11bc0_0 .net *"_s1", 0 0, L_0x55ccbaa28170;  1 drivers
S_0x55ccbaa11ca0 .scope generate, "genblk1[60]" "genblk1[60]" 3 7, 3 7 0, S_0x55ccba9b2640;
 .timescale 0 0;
P_0x55ccbaa11e90 .param/l "i" 0 3 7, +C4<0111100>;
L_0x55ccbaa28620 .functor AND 1, L_0x55ccbaa286c0, L_0x55ccbaa287b0, C4<1>, C4<1>;
v0x55ccbaa11f50_0 .net *"_s0", 0 0, L_0x55ccbaa286c0;  1 drivers
v0x55ccbaa12050_0 .net *"_s1", 0 0, L_0x55ccbaa287b0;  1 drivers
S_0x55ccbaa12130 .scope generate, "genblk1[61]" "genblk1[61]" 3 7, 3 7 0, S_0x55ccba9b2640;
 .timescale 0 0;
P_0x55ccbaa12320 .param/l "i" 0 3 7, +C4<0111101>;
L_0x55ccbaa28c70 .functor AND 1, L_0x55ccbaa28d10, L_0x55ccbaa28e00, C4<1>, C4<1>;
v0x55ccbaa123e0_0 .net *"_s0", 0 0, L_0x55ccbaa28d10;  1 drivers
v0x55ccbaa124e0_0 .net *"_s1", 0 0, L_0x55ccbaa28e00;  1 drivers
S_0x55ccbaa125c0 .scope generate, "genblk1[62]" "genblk1[62]" 3 7, 3 7 0, S_0x55ccba9b2640;
 .timescale 0 0;
P_0x55ccbaa127b0 .param/l "i" 0 3 7, +C4<0111110>;
L_0x55ccbaa292d0 .functor AND 1, L_0x55ccbaa29370, L_0x55ccbaa29460, C4<1>, C4<1>;
v0x55ccbaa12870_0 .net *"_s0", 0 0, L_0x55ccbaa29370;  1 drivers
v0x55ccbaa12970_0 .net *"_s1", 0 0, L_0x55ccbaa29460;  1 drivers
S_0x55ccbaa12a50 .scope generate, "genblk1[63]" "genblk1[63]" 3 7, 3 7 0, S_0x55ccba9b2640;
 .timescale 0 0;
P_0x55ccbaa12c40 .param/l "i" 0 3 7, +C4<0111111>;
L_0x55ccbaa29940 .functor AND 1, L_0x55ccbaa299e0, L_0x55ccbaa2a2e0, C4<1>, C4<1>;
v0x55ccbaa12d00_0 .net *"_s0", 0 0, L_0x55ccbaa299e0;  1 drivers
v0x55ccbaa12e00_0 .net *"_s1", 0 0, L_0x55ccbaa2a2e0;  1 drivers
S_0x55ccbaa12ee0 .scope generate, "genblk1[64]" "genblk1[64]" 3 7, 3 7 0, S_0x55ccba9b2640;
 .timescale 0 0;
P_0x55ccbaa130d0 .param/l "i" 0 3 7, +C4<01000000>;
L_0x55ccbaa2c480 .functor AND 1, L_0x55ccbaa2c540, L_0x55ccbaa2ca40, C4<1>, C4<1>;
v0x55ccbaa13190_0 .net *"_s0", 0 0, L_0x55ccbaa2c540;  1 drivers
v0x55ccbaa13290_0 .net *"_s1", 0 0, L_0x55ccbaa2ca40;  1 drivers
    .scope S_0x55ccba9b24c0;
T_0 ;
    %vpi_call 2 12 "$dumpfile", "and_out.vcd" {0 0 0};
    %vpi_call 2 13 "$dumpvars", 32'sb00000000000000000000000000000000, S_0x55ccba9b24c0 {0 0 0};
    %pushi/vec4 2433814801, 0, 32;
    %concati/vec4 286331153, 0, 32;
    %cassign/vec4 v0x55ccbaa17500_0;
    %pushi/vec4 4008636142, 0, 32;
    %concati/vec4 4008636142, 0, 32;
    %cassign/vec4 v0x55ccbaa175c0_0;
    %delay 50, 0;
    %end;
    .thread T_0;
    .scope S_0x55ccba9b24c0;
T_1 ;
    %vpi_call 2 21 "$monitor", "a=%b\012b=%b\012y=%b\012", v0x55ccbaa17500_0, v0x55ccbaa175c0_0, v0x55ccbaa17690_0 {0 0 0};
    %end;
    .thread T_1;
# The file index is used to find the file name in the following table.
:file_names 4;
    "N/A";
    "<interactive>";
    "and_test.v";
    "and_64bit.v";
